{
  "stats": {
    "suites": 1,
    "tests": 1,
    "passes": 1,
    "pending": 0,
    "failures": 0,
    "start": "2020-03-10T10:03:57.777Z",
    "end": "2020-03-10T10:04:20.906Z",
    "duration": 23129,
    "testsRegistered": 1,
    "passPercent": 100,
    "pendingPercent": 0,
    "other": 0,
    "hasOther": false,
    "skipped": 0,
    "hasSkipped": false
  },
  "results": [
    {
      "uuid": "03c07ffa-25fd-494a-9cff-30e79be8b6e2",
      "title": "",
      "fullFile": "cypress\\integration\\webshop\\Categories-Modules\\Books.js",
      "file": "cypress\\integration\\webshop\\Categories-Modules\\Books.js",
      "beforeHooks": [],
      "afterHooks": [],
      "tests": [],
      "suites": [
        {
          "uuid": "12ca86f8-aa09-4e63-a76f-e1cba93f789e",
          "title": "Demo-WebShop Suit",
          "fullFile": "",
          "file": "",
          "beforeHooks": [],
          "afterHooks": [],
          "tests": [
            {
              "title": "BooksModule",
              "fullTitle": "Demo-WebShop Suit BooksModule",
              "timedOut": null,
              "duration": 19142,
              "state": "passed",
              "speed": "slow",
              "pass": true,
              "fail": false,
              "pending": false,
              "context": null,
              "code": "_BooksCode.Books.PurchaseBooks(this.bdata);",
              "err": {},
              "uuid": "8c8ee2e1-945a-4174-81a2-201a7cc06759",
              "parentUUID": "12ca86f8-aa09-4e63-a76f-e1cba93f789e",
              "isHook": false,
              "skipped": false
            }
          ],
          "suites": [],
          "passes": [
            "8c8ee2e1-945a-4174-81a2-201a7cc06759"
          ],
          "failures": [],
          "pending": [],
          "skipped": [],
          "duration": 19142,
          "root": false,
          "rootEmpty": false,
          "_timeout": 2000
        }
      ],
      "passes": [],
      "failures": [],
      "pending": [],
      "skipped": [],
      "duration": 0,
      "root": true,
      "rootEmpty": true,
      "_timeout": 2000
    }
  ],
  "meta": {
    "mocha": {
      "version": "7.1.0"
    },
    "mochawesome": {
      "options": {
        "quiet": false,
        "reportFilename": "mochawesome",
        "saveHtml": true,
        "saveJson": true,
        "consoleReporter": "spec",
        "useInlineDiffs": false,
        "code": true
      },
      "version": "5.0.0"
    },
    "marge": {
      "options": {
        "reportDir": "cypress/results/webshop",
        "overwrite": false,
        "html": true,
        "json": true
      },
      "version": "4.1.0"
    }
  }
}