{
  "stats": {
    "suites": 1,
    "tests": 3,
    "passes": 3,
    "pending": 0,
    "failures": 0,
    "start": "2020-05-27T08:33:05.839Z",
    "end": "2020-05-27T08:33:30.739Z",
    "duration": 24900,
    "testsRegistered": 3,
    "passPercent": 100,
    "pendingPercent": 0,
    "other": 0,
    "hasOther": false,
    "skipped": 0,
    "hasSkipped": false
  },
  "results": [
    {
      "uuid": "ef7fbde2-fdf7-472c-b1a0-0dbf9a207cd4",
      "title": "",
      "fullFile": "cypress\\integration\\WebShop-SimpleFramework\\PractiseScripts\\sample.js",
      "file": "cypress\\integration\\WebShop-SimpleFramework\\PractiseScripts\\sample.js",
      "beforeHooks": [],
      "afterHooks": [],
      "tests": [],
      "suites": [
        {
          "uuid": "c8174f3a-a7b4-42a6-92a1-ce794f481c5f",
          "title": "MochaReporter Suit",
          "fullFile": "",
          "file": "",
          "beforeHooks": [],
          "afterHooks": [],
          "tests": [
            {
              "title": "Launch App 1",
              "fullTitle": "MochaReporter Suit Launch App 1",
              "timedOut": null,
              "duration": 9026,
              "state": "passed",
              "speed": "slow",
              "pass": true,
              "fail": false,
              "pending": false,
              "context": null,
              "code": "//Launch the url\ncy.visit('http://demowebshop.tricentis.com/');\ncy.clearCookies(); // Enter the login details\ncy.get('.ico-login').click();\ncy.get('#Email').type('boy@mail.com');\ncy.get('#Password').type('Boy123');\ncy.get('.button-1.login-button').click();",
              "err": {},
              "uuid": "528b2edb-cbc4-4ee6-9b4b-378fed42c140",
              "parentUUID": "c8174f3a-a7b4-42a6-92a1-ce794f481c5f",
              "isHook": false,
              "skipped": false
            },
            {
              "title": "Launch App 2",
              "fullTitle": "MochaReporter Suit Launch App 2",
              "timedOut": null,
              "duration": 6199,
              "state": "passed",
              "speed": "slow",
              "pass": true,
              "fail": false,
              "pending": false,
              "context": null,
              "code": "//Launch the url\ncy.visit('http://demowebshop.tricentis.com/');\ncy.clearCookies(); // Enter the login details\ncy.get('.ico-login').click();\ncy.get('#Email').type('boy@mail.com');\ncy.get('#Password').type('Boy123');\ncy.get('.button-1.login-button').click();",
              "err": {},
              "uuid": "98ca7724-5492-497c-a8f3-b02ce7d8fcb3",
              "parentUUID": "c8174f3a-a7b4-42a6-92a1-ce794f481c5f",
              "isHook": false,
              "skipped": false
            },
            {
              "title": "Launch App 3",
              "fullTitle": "MochaReporter Suit Launch App 3",
              "timedOut": null,
              "duration": 4830,
              "state": "passed",
              "speed": "slow",
              "pass": true,
              "fail": false,
              "pending": false,
              "context": null,
              "code": "//Launch the url\ncy.visit('http://demowebshop.tricentis.com/');\ncy.clearCookies(); // Enter the login details\ncy.get('.ico-login').click();\ncy.get('#Email').type('boy@mail.com');\ncy.get('#Password').type('Boy123');\ncy.get('.button-1.login-button').click();",
              "err": {},
              "uuid": "4df4e1b6-f610-4677-9260-6740545c92f9",
              "parentUUID": "c8174f3a-a7b4-42a6-92a1-ce794f481c5f",
              "isHook": false,
              "skipped": false
            }
          ],
          "suites": [],
          "passes": [
            "528b2edb-cbc4-4ee6-9b4b-378fed42c140",
            "98ca7724-5492-497c-a8f3-b02ce7d8fcb3",
            "4df4e1b6-f610-4677-9260-6740545c92f9"
          ],
          "failures": [],
          "pending": [],
          "skipped": [],
          "duration": 20055,
          "root": false,
          "rootEmpty": false,
          "_timeout": 2000
        }
      ],
      "passes": [],
      "failures": [],
      "pending": [],
      "skipped": [],
      "duration": 0,
      "root": true,
      "rootEmpty": true,
      "_timeout": 2000
    }
  ],
  "meta": {
    "mocha": {
      "version": "7.0.1"
    },
    "mochawesome": {
      "options": {
        "quiet": false,
        "reportFilename": "mochawesome",
        "saveHtml": true,
        "saveJson": true,
        "consoleReporter": "spec",
        "useInlineDiffs": false,
        "code": true
      },
      "version": "5.0.0"
    },
    "marge": {
      "options": {
        "reportDir": "cypress/results/webshop",
        "overwrite": false,
        "html": true,
        "json": true
      },
      "version": "4.1.0"
    }
  }
}