{
  "stats": {
    "suites": 1,
    "tests": 3,
    "passes": 3,
    "pending": 0,
    "failures": 0,
    "start": "2020-05-27T09:44:17.162Z",
    "end": "2020-05-27T09:44:37.715Z",
    "duration": 20553,
    "testsRegistered": 3,
    "passPercent": 100,
    "pendingPercent": 0,
    "other": 0,
    "hasOther": false,
    "skipped": 0,
    "hasSkipped": false
  },
  "results": [
    {
      "uuid": "1ef5e228-8610-4b8d-8405-82bf89c9c2f3",
      "title": "",
      "fullFile": "cypress\\integration\\WebShop-SimpleFramework\\PractiseScripts\\sample.js",
      "file": "cypress\\integration\\WebShop-SimpleFramework\\PractiseScripts\\sample.js",
      "beforeHooks": [],
      "afterHooks": [],
      "tests": [],
      "suites": [
        {
          "uuid": "380b950f-0a57-48b1-b4bd-fed66f07e654",
          "title": "MochaReporter Suit",
          "fullFile": "",
          "file": "",
          "beforeHooks": [],
          "afterHooks": [],
          "tests": [
            {
              "title": "Launch App 1",
              "fullTitle": "MochaReporter Suit Launch App 1",
              "timedOut": null,
              "duration": 7794,
              "state": "passed",
              "speed": "slow",
              "pass": true,
              "fail": false,
              "pending": false,
              "context": null,
              "code": "//Launch the url\ncy.visit('http://demowebshop.tricentis.com/');\ncy.clearCookies(); // Enter the login details\ncy.get('.ico-login').click();\ncy.get('#Email').type('boy@mail.com');\ncy.get('#Password').type('Boy123');\ncy.get('.button-1.login-button').click();",
              "err": {},
              "uuid": "61f5e7c7-6cef-4b98-9313-c18c85595ef0",
              "parentUUID": "380b950f-0a57-48b1-b4bd-fed66f07e654",
              "isHook": false,
              "skipped": false
            },
            {
              "title": "Launch App 2",
              "fullTitle": "MochaReporter Suit Launch App 2",
              "timedOut": null,
              "duration": 3979,
              "state": "passed",
              "speed": "slow",
              "pass": true,
              "fail": false,
              "pending": false,
              "context": null,
              "code": "//Launch the url\ncy.visit('http://demowebshop.tricentis.com/');\ncy.clearCookies(); // Enter the login details\ncy.get('.ico-login').click();\ncy.get('#Email').type('boy@mail.com');\ncy.get('#Password').type('Boy123');\ncy.get('.button-1.login-button').click();",
              "err": {},
              "uuid": "3de431a0-58b7-4343-8f02-541460f79cb4",
              "parentUUID": "380b950f-0a57-48b1-b4bd-fed66f07e654",
              "isHook": false,
              "skipped": false
            },
            {
              "title": "Launch App 3",
              "fullTitle": "MochaReporter Suit Launch App 3",
              "timedOut": null,
              "duration": 4209,
              "state": "passed",
              "speed": "slow",
              "pass": true,
              "fail": false,
              "pending": false,
              "context": null,
              "code": "//Launch the url\ncy.visit('http://demowebshop.tricentis.com/');\ncy.clearCookies(); // Enter the login details\ncy.get('.ico-login').click();\ncy.get('#Email').type('boy@mail.com');\ncy.get('#Password').type('Boy123');\ncy.get('.button-1.login-button').click();",
              "err": {},
              "uuid": "e7b44b58-ad29-4f48-9d20-79189e8c5547",
              "parentUUID": "380b950f-0a57-48b1-b4bd-fed66f07e654",
              "isHook": false,
              "skipped": false
            }
          ],
          "suites": [],
          "passes": [
            "61f5e7c7-6cef-4b98-9313-c18c85595ef0",
            "3de431a0-58b7-4343-8f02-541460f79cb4",
            "e7b44b58-ad29-4f48-9d20-79189e8c5547"
          ],
          "failures": [],
          "pending": [],
          "skipped": [],
          "duration": 15982,
          "root": false,
          "rootEmpty": false,
          "_timeout": 2000
        }
      ],
      "passes": [],
      "failures": [],
      "pending": [],
      "skipped": [],
      "duration": 0,
      "root": true,
      "rootEmpty": true,
      "_timeout": 2000
    }
  ],
  "meta": {
    "mocha": {
      "version": "7.0.1"
    },
    "mochawesome": {
      "options": {
        "quiet": false,
        "reportFilename": "mochawesome",
        "saveHtml": true,
        "saveJson": true,
        "consoleReporter": "spec",
        "useInlineDiffs": false,
        "code": true
      },
      "version": "5.0.0"
    },
    "marge": {
      "options": {
        "reportDir": "cypress/results/webshop",
        "overwrite": false,
        "html": true,
        "json": true
      },
      "version": "4.1.0"
    }
  }
}