{
  "stats": {
    "suites": 1,
    "tests": 1,
    "passes": 1,
    "pending": 0,
    "failures": 0,
    "start": "2020-03-10T10:16:24.599Z",
    "end": "2020-03-10T10:16:50.260Z",
    "duration": 25661,
    "testsRegistered": 1,
    "passPercent": 100,
    "pendingPercent": 0,
    "other": 0,
    "hasOther": false,
    "skipped": 0,
    "hasSkipped": false
  },
  "results": [
    {
      "uuid": "5359fdb2-7d83-4fc1-88fe-0a0e8fe02a6c",
      "title": "",
      "fullFile": "cypress\\integration\\webshop\\Categories-Modules\\Computers.js",
      "file": "cypress\\integration\\webshop\\Categories-Modules\\Computers.js",
      "beforeHooks": [],
      "afterHooks": [],
      "tests": [],
      "suites": [
        {
          "uuid": "c0b6030d-6090-4e9a-b6a0-0ab7dc868fc2",
          "title": "Demo-WebShop Suit",
          "fullFile": "",
          "file": "",
          "beforeHooks": [],
          "afterHooks": [],
          "tests": [
            {
              "title": "ComputersModule",
              "fullTitle": "Demo-WebShop Suit ComputersModule",
              "timedOut": null,
              "duration": 22628,
              "state": "passed",
              "speed": "slow",
              "pass": true,
              "fail": false,
              "pending": false,
              "context": null,
              "code": "_ComputersCode.Computers.PurchaseComputers(this.cdata);",
              "err": {},
              "uuid": "8e385360-a158-4727-8135-e7cf2ba811c6",
              "parentUUID": "c0b6030d-6090-4e9a-b6a0-0ab7dc868fc2",
              "isHook": false,
              "skipped": false
            }
          ],
          "suites": [],
          "passes": [
            "8e385360-a158-4727-8135-e7cf2ba811c6"
          ],
          "failures": [],
          "pending": [],
          "skipped": [],
          "duration": 22628,
          "root": false,
          "rootEmpty": false,
          "_timeout": 2000
        }
      ],
      "passes": [],
      "failures": [],
      "pending": [],
      "skipped": [],
      "duration": 0,
      "root": true,
      "rootEmpty": true,
      "_timeout": 2000
    }
  ],
  "meta": {
    "mocha": {
      "version": "7.1.0"
    },
    "mochawesome": {
      "options": {
        "quiet": false,
        "reportFilename": "mochawesome",
        "saveHtml": true,
        "saveJson": true,
        "consoleReporter": "spec",
        "useInlineDiffs": false,
        "code": true
      },
      "version": "5.0.0"
    },
    "marge": {
      "options": {
        "reportDir": "cypress/results/webshop",
        "overwrite": false,
        "html": true,
        "json": true
      },
      "version": "4.1.0"
    }
  }
}