{
  "stats": {
    "suites": 1,
    "tests": 1,
    "passes": 0,
    "pending": 0,
    "failures": 1,
    "start": "2020-03-12T09:56:49.319Z",
    "end": "2020-03-12T09:57:17.113Z",
    "duration": 27794,
    "testsRegistered": 1,
    "passPercent": 0,
    "pendingPercent": 0,
    "other": 0,
    "hasOther": false,
    "skipped": 0,
    "hasSkipped": false
  },
  "results": [
    {
      "uuid": "cc0d350c-d1a8-426d-98be-8dba9b9b20aa",
      "title": "",
      "fullFile": "cypress\\integration\\webshop\\Categories-Modules\\Books.js",
      "file": "cypress\\integration\\webshop\\Categories-Modules\\Books.js",
      "beforeHooks": [],
      "afterHooks": [],
      "tests": [],
      "suites": [
        {
          "uuid": "7eee59c0-e941-4fd8-92c6-2494226027db",
          "title": "Demo-WebShop Suit",
          "fullFile": "",
          "file": "",
          "beforeHooks": [],
          "afterHooks": [],
          "tests": [
            {
              "title": "BooksModule",
              "fullTitle": "Demo-WebShop Suit BooksModule",
              "timedOut": null,
              "duration": 18995,
              "state": "failed",
              "speed": null,
              "pass": false,
              "fail": true,
              "pending": false,
              "context": null,
              "code": "_BooksCode.Books.PurchaseBooks(this.bdata);",
              "err": {
                "message": "CypressError: Timed out retrying: Expected to find element: '.cart', but never found it.",
                "estack": "CypressError: Timed out retrying: Expected to find element: '.cart', but never found it.\n    at cypressErr (http://demowebshop.tricentis.com/__cypress/runner/cypress_runner.js:138036:9)\n    at throwErr (http://demowebshop.tricentis.com/__cypress/runner/cypress_runner.js:137969:11)\n    at Object.throwErrByPath (http://demowebshop.tricentis.com/__cypress/runner/cypress_runner.js:138017:3)\n    at retry (http://demowebshop.tricentis.com/__cypress/runner/cypress_runner.js:132299:19)\n    at onFailFn (http://demowebshop.tricentis.com/__cypress/runner/cypress_runner.js:120514:16)\n    at tryCatcher (http://demowebshop.tricentis.com/__cypress/runner/cypress_runner.js:164895:23)\n    at Promise._settlePromiseFromHandler (http://demowebshop.tricentis.com/__cypress/runner/cypress_runner.js:162831:31)\n    at Promise._settlePromise (http://demowebshop.tricentis.com/__cypress/runner/cypress_runner.js:162888:18)\n    at Promise._settlePromise0 (http://demowebshop.tricentis.com/__cypress/runner/cypress_runner.js:162933:10)\n    at Promise._settlePromises (http://demowebshop.tricentis.com/__cypress/runner/cypress_runner.js:163008:18)\n    at Async../node_modules/bluebird/js/release/async.js.Async._drainQueue (http://demowebshop.tricentis.com/__cypress/runner/cypress_runner.js:159620:16)\n    at Async../node_modules/bluebird/js/release/async.js.Async._drainQueues (http://demowebshop.tricentis.com/__cypress/runner/cypress_runner.js:159630:10)\n    at Async.drainQueues (http://demowebshop.tricentis.com/__cypress/runner/cypress_runner.js:159504:14)",
                "diff": null
              },
              "uuid": "cda45773-f0d9-4b23-9dff-e3fb5bcb23e5",
              "parentUUID": "7eee59c0-e941-4fd8-92c6-2494226027db",
              "isHook": false,
              "skipped": false
            }
          ],
          "suites": [],
          "passes": [],
          "failures": [
            "cda45773-f0d9-4b23-9dff-e3fb5bcb23e5"
          ],
          "pending": [],
          "skipped": [],
          "duration": 18995,
          "root": false,
          "rootEmpty": false,
          "_timeout": 2000
        }
      ],
      "passes": [],
      "failures": [],
      "pending": [],
      "skipped": [],
      "duration": 0,
      "root": true,
      "rootEmpty": true,
      "_timeout": 2000
    }
  ],
  "meta": {
    "mocha": {
      "version": "7.1.0"
    },
    "mochawesome": {
      "options": {
        "quiet": false,
        "reportFilename": "mochawesome",
        "saveHtml": true,
        "saveJson": true,
        "consoleReporter": "spec",
        "useInlineDiffs": false,
        "code": true
      },
      "version": "5.0.0"
    },
    "marge": {
      "options": {
        "reportDir": "cypress/results/webshop",
        "overwrite": false,
        "html": true,
        "json": true
      },
      "version": "4.1.0"
    }
  }
}