{
  "stats": {
    "suites": 1,
    "tests": 1,
    "passes": 1,
    "pending": 0,
    "failures": 0,
    "start": "2020-03-18T11:27:21.322Z",
    "end": "2020-03-18T11:28:05.655Z",
    "duration": 44333,
    "testsRegistered": 1,
    "passPercent": 100,
    "pendingPercent": 0,
    "other": 0,
    "hasOther": false,
    "skipped": 0,
    "hasSkipped": false
  },
  "results": [
    {
      "uuid": "c33f9793-796e-49a6-8958-061397007840",
      "title": "",
      "fullFile": "cypress\\integration\\webshop\\Categories-Modules\\Books.js",
      "file": "cypress\\integration\\webshop\\Categories-Modules\\Books.js",
      "beforeHooks": [],
      "afterHooks": [],
      "tests": [],
      "suites": [
        {
          "uuid": "87921eb4-5da7-44fd-8e6e-393b7ac47983",
          "title": "Demo-WebShop Suit",
          "fullFile": "",
          "file": "",
          "beforeHooks": [],
          "afterHooks": [],
          "tests": [
            {
              "title": "BooksModule",
              "fullTitle": "Demo-WebShop Suit BooksModule",
              "timedOut": null,
              "duration": 30725,
              "state": "passed",
              "speed": "slow",
              "pass": true,
              "fail": false,
              "pending": false,
              "context": null,
              "code": "_BooksCode.Books.PurchaseBooks(this.bdata);",
              "err": {},
              "uuid": "a0dc0d9d-b2de-46e9-a9cf-444a13e19016",
              "parentUUID": "87921eb4-5da7-44fd-8e6e-393b7ac47983",
              "isHook": false,
              "skipped": false
            }
          ],
          "suites": [],
          "passes": [
            "a0dc0d9d-b2de-46e9-a9cf-444a13e19016"
          ],
          "failures": [],
          "pending": [],
          "skipped": [],
          "duration": 30725,
          "root": false,
          "rootEmpty": false,
          "_timeout": 2000
        }
      ],
      "passes": [],
      "failures": [],
      "pending": [],
      "skipped": [],
      "duration": 0,
      "root": true,
      "rootEmpty": true,
      "_timeout": 2000
    }
  ],
  "meta": {
    "mocha": {
      "version": "7.1.0"
    },
    "mochawesome": {
      "options": {
        "quiet": false,
        "reportFilename": "mochawesome",
        "saveHtml": true,
        "saveJson": true,
        "consoleReporter": "spec",
        "useInlineDiffs": false,
        "code": true
      },
      "version": "5.0.0"
    },
    "marge": {
      "options": {
        "reportDir": "cypress/results/webshop",
        "overwrite": false,
        "html": true,
        "json": true
      },
      "version": "4.1.0"
    }
  }
}