{
  "stats": {
    "suites": 1,
    "tests": 1,
    "passes": 1,
    "pending": 0,
    "failures": 0,
    "start": "2020-03-10T10:17:00.214Z",
    "end": "2020-03-10T10:17:46.293Z",
    "duration": 46079,
    "testsRegistered": 1,
    "passPercent": 100,
    "pendingPercent": 0,
    "other": 0,
    "hasOther": false,
    "skipped": 0,
    "hasSkipped": false
  },
  "results": [
    {
      "uuid": "e2adeef3-573e-45f9-b989-f9cf3f60ce8b",
      "title": "",
      "fullFile": "cypress\\integration\\webshop\\Categories-Modules\\Giftcard.js",
      "file": "cypress\\integration\\webshop\\Categories-Modules\\Giftcard.js",
      "beforeHooks": [],
      "afterHooks": [],
      "tests": [],
      "suites": [
        {
          "uuid": "0c155f29-c9bb-4cc8-8566-2193f7239f71",
          "title": "Demo-WebShop Suit",
          "fullFile": "",
          "file": "",
          "beforeHooks": [],
          "afterHooks": [],
          "tests": [
            {
              "title": "GiftcardModule",
              "fullTitle": "Demo-WebShop Suit GiftcardModule",
              "timedOut": null,
              "duration": 43165,
              "state": "passed",
              "speed": "slow",
              "pass": true,
              "fail": false,
              "pending": false,
              "context": null,
              "code": "_GiftcardCode.Giftcard.PurchaseGiftcards(this.gdata);",
              "err": {},
              "uuid": "a01e4e4a-373d-4fec-bc1b-de2a0307456b",
              "parentUUID": "0c155f29-c9bb-4cc8-8566-2193f7239f71",
              "isHook": false,
              "skipped": false
            }
          ],
          "suites": [],
          "passes": [
            "a01e4e4a-373d-4fec-bc1b-de2a0307456b"
          ],
          "failures": [],
          "pending": [],
          "skipped": [],
          "duration": 43165,
          "root": false,
          "rootEmpty": false,
          "_timeout": 2000
        }
      ],
      "passes": [],
      "failures": [],
      "pending": [],
      "skipped": [],
      "duration": 0,
      "root": true,
      "rootEmpty": true,
      "_timeout": 2000
    }
  ],
  "meta": {
    "mocha": {
      "version": "7.1.0"
    },
    "mochawesome": {
      "options": {
        "quiet": false,
        "reportFilename": "mochawesome",
        "saveHtml": true,
        "saveJson": true,
        "consoleReporter": "spec",
        "useInlineDiffs": false,
        "code": true
      },
      "version": "5.0.0"
    },
    "marge": {
      "options": {
        "reportDir": "cypress/results/webshop",
        "overwrite": false,
        "html": true,
        "json": true
      },
      "version": "4.1.0"
    }
  }
}